Crashlog created at Thu Jul 26 16:32:39 -0400 2012

=== MESSAGE:

Sass::SyntaxError: Invalid CSS after "...adding-left 8px": expected "{", was "; margin-left 1..."

=== COMPILATION STACK:

  (empty)

=== BACKTRACE:

  0. content/assets/stylesheets/pygments.scss:2
  1. /Users/daniel/.rvm/gems/ree-1.8.7-2011.03/gems/sass-3.2.0.alpha.244/lib/sass/../sass/scss/parser.rb:1085:in `expected'
  2. /Users/daniel/.rvm/gems/ree-1.8.7-2011.03/gems/sass-3.2.0.alpha.244/lib/sass/../sass/scss/parser.rb:1021:in `expected'
  3. /Users/daniel/.rvm/gems/ree-1.8.7-2011.03/gems/sass-3.2.0.alpha.244/lib/sass/../sass/scss/parser.rb:1016:in `tok!'
  4. /Users/daniel/.rvm/gems/ree-1.8.7-2011.03/gems/sass-3.2.0.alpha.244/lib/sass/../sass/scss/parser.rb:511:in `block'
  5. /Users/daniel/.rvm/gems/ree-1.8.7-2011.03/gems/sass-3.2.0.alpha.244/lib/sass/../sass/scss/parser.rb:506:in `ruleset'
  6. /Users/daniel/.rvm/gems/ree-1.8.7-2011.03/gems/sass-3.2.0.alpha.244/lib/sass/../sass/scss/parser.rb:568:in `declaration_or_ruleset'
  7. /Users/daniel/.rvm/gems/ree-1.8.7-2011.03/gems/sass-3.2.0.alpha.244/lib/sass/../sass/scss/parser.rb:1059:in `call'
  8. /Users/daniel/.rvm/gems/ree-1.8.7-2011.03/gems/sass-3.2.0.alpha.244/lib/sass/../sass/scss/parser.rb:1059:in `rethrow'
  9. /Users/daniel/.rvm/gems/ree-1.8.7-2011.03/gems/sass-3.2.0.alpha.244/lib/sass/../sass/scss/parser.rb:569:in `declaration_or_ruleset'
  10. /Users/daniel/.rvm/gems/ree-1.8.7-2011.03/gems/sass-3.2.0.alpha.244/lib/sass/../sass/scss/parser.rb:531:in `block_child'
  11. /Users/daniel/.rvm/gems/ree-1.8.7-2011.03/gems/sass-3.2.0.alpha.244/lib/sass/../sass/scss/parser.rb:523:in `block_contents'
  12. /Users/daniel/.rvm/gems/ree-1.8.7-2011.03/gems/sass-3.2.0.alpha.244/lib/sass/../sass/scss/parser.rb:512:in `block'
  13. /Users/daniel/.rvm/gems/ree-1.8.7-2011.03/gems/sass-3.2.0.alpha.244/lib/sass/../sass/scss/parser.rb:506:in `ruleset'
  14. /Users/daniel/.rvm/gems/ree-1.8.7-2011.03/gems/sass-3.2.0.alpha.244/lib/sass/../sass/scss/parser.rb:530:in `block_child'
  15. /Users/daniel/.rvm/gems/ree-1.8.7-2011.03/gems/sass-3.2.0.alpha.244/lib/sass/../sass/scss/parser.rb:523:in `block_contents'
  16. /Users/daniel/.rvm/gems/ree-1.8.7-2011.03/gems/sass-3.2.0.alpha.244/lib/sass/../sass/scss/parser.rb:70:in `stylesheet'
  17. /Users/daniel/.rvm/gems/ree-1.8.7-2011.03/gems/sass-3.2.0.alpha.244/lib/sass/../sass/scss/parser.rb:27:in `parse'
  18. /Users/daniel/.rvm/gems/ree-1.8.7-2011.03/gems/sass-3.2.0.alpha.244/lib/sass/../sass/engine.rb:336:in `_to_tree'
  19. /Users/daniel/.rvm/gems/ree-1.8.7-2011.03/gems/sass-3.2.0.alpha.244/lib/sass/../sass/engine.rb:309:in `_render'
  20. /Users/daniel/.rvm/gems/ree-1.8.7-2011.03/gems/sass-3.2.0.alpha.244/lib/sass/../sass/engine.rb:256:in `render'
  21. /Users/daniel/.rvm/gems/ree-1.8.7-2011.03/gems/nanoc-3.4.0/lib/nanoc/filters/sass.rb:62:in `run'
  22. /Users/daniel/.rvm/gems/ree-1.8.7-2011.03/gems/nanoc-3.4.0/lib/nanoc/base/result_data/item_rep.rb:343:in `filter'
  23. /Users/daniel/.rvm/gems/ree-1.8.7-2011.03/gems/nanoc-3.4.0/lib/nanoc/base/compilation/item_rep_proxy.rb:47:in `filter'
  24. /Users/daniel/.rvm/gems/ree-1.8.7-2011.03/gems/nanoc-3.4.0/lib/nanoc/base/compilation/rule_context.rb:54:in `filter'
  25. ./Rules:39:in `load'
  26. /Users/daniel/.rvm/gems/ree-1.8.7-2011.03/gems/nanoc-3.4.0/lib/nanoc/base/compilation/rule.rb:68:in `instance_eval'
  27. /Users/daniel/.rvm/gems/ree-1.8.7-2011.03/gems/nanoc-3.4.0/lib/nanoc/base/compilation/rule.rb:68:in `apply_to'
  28. /Users/daniel/.rvm/gems/ree-1.8.7-2011.03/gems/nanoc-3.4.0/lib/nanoc/base/compilation/compiler.rb:381:in `compile_rep'
  29. /Users/daniel/.rvm/gems/ree-1.8.7-2011.03/gems/nanoc-3.4.0/lib/nanoc/base/compilation/compiler.rb:337:in `compile_reps'
  30. /Users/daniel/.rvm/gems/ree-1.8.7-2011.03/gems/nanoc-3.4.0/lib/nanoc/base/compilation/compiler.rb:330:in `loop'
  31. /Users/daniel/.rvm/gems/ree-1.8.7-2011.03/gems/nanoc-3.4.0/lib/nanoc/base/compilation/compiler.rb:330:in `compile_reps'
  32. /Users/daniel/.rvm/gems/ree-1.8.7-2011.03/gems/nanoc-3.4.0/lib/nanoc/base/compilation/compiler.rb:85:in `run'
  33. /Users/daniel/.rvm/gems/ree-1.8.7-2011.03/gems/nanoc-3.4.0/lib/nanoc/base/source_data/site.rb:57:in `compile'
  34. /Users/daniel/.rvm/gems/ree-1.8.7-2011.03/gems/nanoc-3.4.0/lib/nanoc/cli/commands/watch.rb:42:in `run'
  35. /Users/daniel/.rvm/gems/ree-1.8.7-2011.03/gems/fssm-0.2.9/lib/fssm/path.rb:73:in `call'
  36. /Users/daniel/.rvm/gems/ree-1.8.7-2011.03/gems/fssm-0.2.9/lib/fssm/path.rb:73:in `run_callback'
  37. /Users/daniel/.rvm/gems/ree-1.8.7-2011.03/gems/fssm-0.2.9/lib/fssm/path.rb:55:in `callback_action'
  38. /Users/daniel/.rvm/gems/ree-1.8.7-2011.03/gems/fssm-0.2.9/lib/fssm/path.rb:35:in `update'
  39. /Users/daniel/.rvm/gems/ree-1.8.7-2011.03/gems/fssm-0.2.9/lib/fssm/state/directory.rb:39:in `modified'
  40. /Users/daniel/.rvm/gems/ree-1.8.7-2011.03/gems/fssm-0.2.9/lib/fssm/state/directory.rb:37:in `each'
  41. /Users/daniel/.rvm/gems/ree-1.8.7-2011.03/gems/fssm-0.2.9/lib/fssm/state/directory.rb:37:in `modified'
  42. /Users/daniel/.rvm/gems/ree-1.8.7-2011.03/gems/fssm-0.2.9/lib/fssm/state/directory.rb:18:in `refresh'
  43. /Users/daniel/.rvm/gems/ree-1.8.7-2011.03/gems/fssm-0.2.9/lib/fssm/backends/polling.rb:17:in `run'
  44. /Users/daniel/.rvm/gems/ree-1.8.7-2011.03/gems/fssm-0.2.9/lib/fssm/backends/polling.rb:17:in `each'
  45. /Users/daniel/.rvm/gems/ree-1.8.7-2011.03/gems/fssm-0.2.9/lib/fssm/backends/polling.rb:17:in `run'
  46. /Users/daniel/.rvm/gems/ree-1.8.7-2011.03/gems/fssm-0.2.9/lib/fssm/backends/polling.rb:15:in `loop'
  47. /Users/daniel/.rvm/gems/ree-1.8.7-2011.03/gems/fssm-0.2.9/lib/fssm/backends/polling.rb:15:in `run'
  48. /Users/daniel/.rvm/gems/ree-1.8.7-2011.03/gems/fssm-0.2.9/lib/fssm/monitor.rb:26:in `run'
  49. /Users/daniel/.rvm/gems/ree-1.8.7-2011.03/gems/nanoc-3.4.0/lib/nanoc/cli/commands/watch.rb:83:in `run'
  50. /Users/daniel/.rvm/gems/ree-1.8.7-2011.03/gems/nanoc-3.4.0/lib/nanoc/cli/command_runner.rb:14:in `call'
  51. /Users/daniel/.rvm/gems/ree-1.8.7-2011.03/gems/nanoc-3.4.0/lib/nanoc/cli/error_handler.rb:63:in `handle_while'
  52. /Users/daniel/.rvm/gems/ree-1.8.7-2011.03/gems/nanoc-3.4.0/lib/nanoc/cli/error_handler.rb:26:in `handle_while'
  53. /Users/daniel/.rvm/gems/ree-1.8.7-2011.03/gems/nanoc-3.4.0/lib/nanoc/cli/command_runner.rb:13:in `call'
  54. /Users/daniel/.rvm/gems/ree-1.8.7-2011.03/gems/cri-2.3.0/lib/cri/command_dsl.rb:185:in `runner'
  55. /Users/daniel/.rvm/gems/ree-1.8.7-2011.03/gems/cri-2.3.0/lib/cri/command.rb:296:in `call'
  56. /Users/daniel/.rvm/gems/ree-1.8.7-2011.03/gems/cri-2.3.0/lib/cri/command.rb:296:in `run_this'
  57. /Users/daniel/.rvm/gems/ree-1.8.7-2011.03/gems/cri-2.3.0/lib/cri/command.rb:249:in `run'
  58. /Users/daniel/.rvm/gems/ree-1.8.7-2011.03/gems/cri-2.3.0/lib/cri/command.rb:262:in `run'
  59. /Users/daniel/.rvm/gems/ree-1.8.7-2011.03/gems/nanoc-3.4.0/lib/nanoc/cli.rb:47:in `run'
  60. /Users/daniel/.rvm/gems/ree-1.8.7-2011.03/gems/nanoc-3.4.0/lib/nanoc/cli/error_handler.rb:63:in `handle_while'
  61. /Users/daniel/.rvm/gems/ree-1.8.7-2011.03/gems/nanoc-3.4.0/lib/nanoc/cli/error_handler.rb:26:in `handle_while'
  62. /Users/daniel/.rvm/gems/ree-1.8.7-2011.03/gems/nanoc-3.4.0/lib/nanoc/cli.rb:44:in `run'
  63. /Users/daniel/.rvm/gems/ree-1.8.7-2011.03/gems/nanoc-3.4.0/bin/nanoc:19
  64. /Users/daniel/.rvm/gems/ree-1.8.7-2011.03/bin/nanoc:19:in `load'
  65. /Users/daniel/.rvm/gems/ree-1.8.7-2011.03/bin/nanoc:19

=== VERSION INFORMATION:

nanoc 3.4.0 © 2007-2012 Denis Defreyne.
Running ruby 1.8.7 (2011-02-18) on i686-darwin10.8.0 with RubyGems 1.8.10.

=== INSTALLED GEMS:

  rubypython 0.5.3
  pygments.rb 0.2.13
  fssm 0.2.9
  compass 0.13.alpha.0
  colored 1.2
  haml 3.1.6
  chunky_png 1.2.5
  sass 3.2.0.alpha.244
  nanoc 3.4.0
  cri 2.3.0
  adsf 1.1.1
  rack 1.4.1
  bundler 1.1.rc
  blankslate 2.1.2.4
  susy 1.0.rc.1
  redcarpet 2.1.1
  ffi 1.0.11
  builder 3.0.0
  RedCloth 4.2.9
  kramdown 0.13.6

=== ENVIRONMENT:

AWS_SECRET => "4n/hCYkQjUYVs3d6hbebuBk1uD7B7DAG/w0CQcYn"
Apple_PubSub_Socket_Render => "/tmp/launch-PJxgw7/Render"
BUNDLE_BIN_PATH => "/Users/daniel/.rvm/gems/ree-1.8.7-2011.03/gems/bundler-1.1.rc/bin/bundle"
BUNDLE_GEMFILE => "/Users/daniel/web_sites/whoops/doc/site/Gemfile"
CLASSPATH => "/Users/daniel/jars/clojure-1.4.0/clojure-1.4.0.jar:/Users/daniel/jars/*:/Users/daniel/jars/resolver.jar:/Users/daniel/jars/saxon9-unpack.jar:/Users/daniel/jars/saxon9he.jar"
COMMAND_MODE => "unix2003"
COM_GOOGLE_CHROME_FRAMEWORK_SERVICE_PROCESS/USERS/DANIEL/LIBRARY/APPLICATION_SUPPORT/GOOGLE/CHROME_SOCKET => "/tmp/launch-ZTgme9/ServiceProcessSocket"
DISPLAY => "/tmp/launch-hofawc/org.x:0"
DYLD_LIBRARY_PATH => "/usr/local/oracle/instantclient_10_2"
EDITOR => "mate"
GEM_HOME => "/Users/daniel/.rvm/gems/ree-1.8.7-2011.03"
GEM_PATH => "/Users/daniel/.rvm/gems/ree-1.8.7-2011.03:/Users/daniel/.rvm/gems/ree-1.8.7-2011.03@global"
HOME => "/Users/daniel"
IRBRC => "/Users/daniel/.rvm/rubies/ree-1.8.7-2011.03/.irbrc"
JAR_DIR => "/Users/daniel/jars"
LANG => "en_US.UTF-8"
LOGNAME => "daniel"
MACOSX_DEPLOYMENT_TARGET => "10.4"
MY_RUBY_HOME => "/Users/daniel/.rvm/rubies/ree-1.8.7-2011.03"
NLS_LANG => "AMERICAN_AMERICA.UTF8"
NODE_PATH => "/usr/local/lib/node_modules"
OLDPWD => "/Users/daniel/web_sites/doctheme"
PATH => "/Users/daniel/.rvm/gems/ree-1.8.7-2011.03/bin:/Users/daniel/.rvm/gems/ree-1.8.7-2011.03@global/bin:/Users/daniel/.rvm/rubies/ree-1.8.7-2011.03/bin:/Users/daniel/.rvm/bin:/opt/local/bin:/opt/local/sbin:/usr/local/bin:/usr/local/sbin:/usr/local/mysql/bin:/usr/bin:/bin:/usr/sbin:/sbin:/usr/X11/bin:/usr/local/oracle/instantclient10_2:~/bin:/Users/daniel/.dotfiles/dotsync/bin:~/.lein/bin:/usr/local/oracle/instantclient_10_2"
PS1 => "\\[\\033[0;32m\\]\\h:\\w \\u\\$\\[\\033[m\\] "
PWD => "/Users/daniel/web_sites/whoops/doc/site"
RUBYOPT => "-I/Users/daniel/.rvm/gems/ree-1.8.7-2011.03/gems/bundler-1.1.rc/lib -rbundler/setup"
RUBY_VERSION => "ree-1.8.7-2011.03"
SECURITYSESSIONID => "600bd7"
SHELL => "/bin/bash"
SHLVL => "1"
SQLPATH => "/usr/local/oracle/instantclient_10_2"
SSH_AUTH_SOCK => "/tmp/launch-eV0GGo/Listeners"
TERM => "xterm-color"
TERM_PROGRAM => "Apple_Terminal"
TERM_PROGRAM_VERSION => "273.1"
TMPDIR => "/var/folders/9o/9obzYx+JEmCVRh29eTn0LU+++TI/-Tmp-/"
TNS_ADMIN => "/usr/local/oracle/network/admin"
USER => "daniel"
XML_CATALOG_FILES => "/usr/local/etc/xml/catalog"
_ => "/Users/daniel/.rvm/gems/ree-1.8.7-2011.03/bin/bundle"
__CF_USER_TEXT_ENCODING => "0x1F5:0:0"
__array_start => "0"
_first => "0"
_second => "1"
escape_flag => "1"
rvm_bin_path => "/Users/daniel/.rvm/bin"
rvm_clang_flag => "0"
rvm_debug_flag => "0"
rvm_dump_environment_flag => "0"
rvm_path => "/Users/daniel/.rvm"
rvm_prefix => "/Users/daniel"
rvm_reload_flag => "0"
rvm_verbose_flag => "0"
rvm_version => "1.9.2"

=== GEMFILE.LOCK:

GEM
  remote: http://rubygems.org/
  specs:
    RedCloth (4.2.9)
    adsf (1.1.1)
      rack (>= 1.0.0)
    blankslate (2.1.2.4)
    builder (3.0.0)
    chunky_png (1.2.5)
    colored (1.2)
    compass (0.13.alpha.0)
      chunky_png (~> 1.2)
      fssm (>= 0.2.7)
      sass (~> 3.2.0.alpha.93)
    cri (2.3.0)
      colored (>= 1.2)
    ffi (1.0.11)
    fssm (0.2.9)
    haml (3.1.6)
    kramdown (0.13.6)
    nanoc (3.4.0)
      cri (~> 2.2)
    pygments.rb (0.2.13)
      rubypython (~> 0.5.3)
    rack (1.4.1)
    redcarpet (2.1.1)
    rubypython (0.5.3)
      blankslate (>= 2.1.2.3)
      ffi (~> 1.0.7)
    sass (3.2.0.alpha.244)
    susy (1.0.rc.1)
      compass (>= 0.12.2.rc.0)
      sass (>= 3.2.0.alpha.237)

PLATFORMS
  ruby

DEPENDENCIES
  RedCloth
  adsf
  builder
  compass
  haml
  kramdown
  nanoc
  pygments.rb
  redcarpet
  sass
  susy

=== $LOAD_PATH:

  0. /Users/daniel/.rvm/gems/ree-1.8.7-2011.03/gems/haml-3.1.6/vendor/sass/lib
  1. /Users/daniel/.rvm/gems/ree-1.8.7-2011.03/gems/sass-3.2.0.alpha.244/lib/sass/..
  2. /Users/daniel/.rvm/gems/ree-1.8.7-2011.03/gems/nanoc-3.4.0/lib
  3. /Users/daniel/.rvm/gems/ree-1.8.7-2011.03/gems/susy-1.0.rc.1/lib
  4. /Users/daniel/.rvm/gems/ree-1.8.7-2011.03/gems/redcarpet-2.1.1/lib
  5. /Users/daniel/.rvm/gems/ree-1.8.7-2011.03/gems/pygments.rb-0.2.13/lib
  6. /Users/daniel/.rvm/gems/ree-1.8.7-2011.03/gems/rubypython-0.5.3/lib
  7. /Users/daniel/.rvm/gems/ree-1.8.7-2011.03/gems/nanoc-3.4.0/lib
  8. /Users/daniel/.rvm/gems/ree-1.8.7-2011.03/gems/kramdown-0.13.6/lib
  9. /Users/daniel/.rvm/gems/ree-1.8.7-2011.03/gems/haml-3.1.6/lib
  10. /Users/daniel/.rvm/gems/ree-1.8.7-2011.03/gems/ffi-1.0.11/lib
  11. /Users/daniel/.rvm/gems/ree-1.8.7-2011.03/gems/ffi-1.0.11/ext
  12. /Users/daniel/.rvm/gems/ree-1.8.7-2011.03/gems/cri-2.3.0/lib
  13. /Users/daniel/.rvm/gems/ree-1.8.7-2011.03/gems/compass-0.13.alpha.0/lib
  14. /Users/daniel/.rvm/gems/ree-1.8.7-2011.03/gems/sass-3.2.0.alpha.244/lib
  15. /Users/daniel/.rvm/gems/ree-1.8.7-2011.03/gems/fssm-0.2.9/lib
  16. /Users/daniel/.rvm/gems/ree-1.8.7-2011.03/gems/colored-1.2/lib
  17. /Users/daniel/.rvm/gems/ree-1.8.7-2011.03/gems/chunky_png-1.2.5/lib
  18. /Users/daniel/.rvm/gems/ree-1.8.7-2011.03/gems/builder-3.0.0/lib
  19. /Users/daniel/.rvm/gems/ree-1.8.7-2011.03/gems/blankslate-2.1.2.4/lib
  20. /Users/daniel/.rvm/gems/ree-1.8.7-2011.03/gems/adsf-1.1.1/lib
  21. /Users/daniel/.rvm/gems/ree-1.8.7-2011.03/gems/rack-1.4.1/lib
  22. /Users/daniel/.rvm/gems/ree-1.8.7-2011.03/gems/RedCloth-4.2.9/lib
  23. /Users/daniel/.rvm/gems/ree-1.8.7-2011.03/gems/RedCloth-4.2.9/lib/case_sensitive_require
  24. /Users/daniel/.rvm/gems/ree-1.8.7-2011.03/gems/RedCloth-4.2.9/ext
  25. /Users/daniel/.rvm/gems/ree-1.8.7-2011.03/gems/bundler-1.1.rc/lib
  26. /Users/daniel/.rvm/rubies/ree-1.8.7-2011.03/lib/ruby/site_ruby/1.8
  27. /Users/daniel/.rvm/rubies/ree-1.8.7-2011.03/lib/ruby/site_ruby/1.8/i686-darwin10.8.0
  28. /Users/daniel/.rvm/rubies/ree-1.8.7-2011.03/lib/ruby/site_ruby
  29. /Users/daniel/.rvm/rubies/ree-1.8.7-2011.03/lib/ruby/vendor_ruby/1.8
  30. /Users/daniel/.rvm/rubies/ree-1.8.7-2011.03/lib/ruby/vendor_ruby/1.8/i686-darwin10.8.0
  31. /Users/daniel/.rvm/rubies/ree-1.8.7-2011.03/lib/ruby/vendor_ruby
  32. /Users/daniel/.rvm/rubies/ree-1.8.7-2011.03/lib/ruby/1.8
  33. /Users/daniel/.rvm/rubies/ree-1.8.7-2011.03/lib/ruby/1.8/i686-darwin10.8.0
  34. .
